2011-05-12 22:29:01,404 [main] INFO  [org.springframework.context.support.ClassPathXmlApplicationContext] - Refreshing org.springframework.context.support.ClassPathXmlApplicationContext@56a499: startup date [Thu May 12 22:29:01 CST 2011]; root of context hierarchy
2011-05-12 22:29:01,632 [main] DEBUG [org.springframework.core.io.support.PathMatchingResourcePatternResolver] - Looking for matching resources in directory tree [E:\Form\target\classes\conf\spring]
2011-05-12 22:29:01,635 [main] DEBUG [org.springframework.core.io.support.PathMatchingResourcePatternResolver] - Searching directory [E:\Form\target\classes\conf\spring] for files matching pattern [E:/Form/target/classes/conf/spring/applicationContext*.xml]
2011-05-12 22:29:01,646 [main] DEBUG [org.springframework.core.io.support.PathMatchingResourcePatternResolver] - Resolved location pattern [conf/spring/applicationContext*.xml] to resources [file [E:\Form\target\classes\conf\spring\applicationContext.xml]]
2011-05-12 22:29:01,670 [main] INFO  [org.springframework.beans.factory.xml.XmlBeanDefinitionReader] - Loading XML bean definitions from file [E:\Form\target\classes\conf\spring\applicationContext.xml]
2011-05-12 22:29:01,840 [main] DEBUG [org.springframework.beans.factory.xml.DefaultDocumentLoader] - Using JAXP provider [com.sun.org.apache.xerces.internal.jaxp.DocumentBuilderFactoryImpl]
2011-05-12 22:29:01,928 [main] DEBUG [org.springframework.beans.factory.xml.PluggableSchemaResolver] - Loading schema mappings from [META-INF/spring.schemas]
2011-05-12 22:29:01,941 [main] DEBUG [org.springframework.beans.factory.xml.PluggableSchemaResolver] - Loaded schema mappings: {http://www.springframework.org/schema/lang/spring-lang.xsd=org/springframework/scripting/config/spring-lang-3.0.xsd, http://www.springframework.org/schema/lang/spring-lang-2.5.xsd=org/springframework/scripting/config/spring-lang-2.5.xsd, http://www.springframework.org/schema/context/spring-context-2.5.xsd=org/springframework/context/config/spring-context-2.5.xsd, http://www.springframework.org/schema/aop/spring-aop.xsd=org/springframework/aop/config/spring-aop-3.0.xsd, http://www.springframework.org/schema/context/spring-context.xsd=org/springframework/context/config/spring-context-3.0.xsd, http://www.springframework.org/schema/util/spring-util-3.0.xsd=org/springframework/beans/factory/xml/spring-util-3.0.xsd, http://www.springframework.org/schema/util/spring-util-2.0.xsd=org/springframework/beans/factory/xml/spring-util-2.0.xsd, http://www.springframework.org/schema/task/spring-task-3.0.xsd=org/springframework/scheduling/config/spring-task-3.0.xsd, http://www.springframework.org/schema/util/spring-util-2.5.xsd=org/springframework/beans/factory/xml/spring-util-2.5.xsd, http://www.springframework.org/schema/tool/spring-tool-3.0.xsd=org/springframework/beans/factory/xml/spring-tool-3.0.xsd, http://www.springframework.org/schema/jdbc/spring-jdbc.xsd=org/springframework/jdbc/config/spring-jdbc-3.0.xsd, http://www.springframework.org/schema/tx/spring-tx-2.0.xsd=org/springframework/transaction/config/spring-tx-2.0.xsd, http://www.springframework.org/schema/tool/spring-tool-2.0.xsd=org/springframework/beans/factory/xml/spring-tool-2.0.xsd, http://www.springframework.org/schema/task/spring-task.xsd=org/springframework/scheduling/config/spring-task-3.0.xsd, http://www.springframework.org/schema/context/spring-context-3.0.xsd=org/springframework/context/config/spring-context-3.0.xsd, http://www.springframework.org/schema/tx/spring-tx-2.5.xsd=org/springframework/transaction/config/spring-tx-2.5.xsd, http://www.springframework.org/schema/beans/spring-beans-2.0.xsd=org/springframework/beans/factory/xml/spring-beans-2.0.xsd, http://www.springframework.org/schema/tool/spring-tool-2.5.xsd=org/springframework/beans/factory/xml/spring-tool-2.5.xsd, http://www.springframework.org/schema/jee/spring-jee.xsd=org/springframework/ejb/config/spring-jee-3.0.xsd, http://www.springframework.org/schema/beans/spring-beans-2.5.xsd=org/springframework/beans/factory/xml/spring-beans-2.5.xsd, http://www.springframework.org/schema/beans/spring-beans.xsd=org/springframework/beans/factory/xml/spring-beans-3.0.xsd, http://www.springframework.org/schema/tool/spring-tool.xsd=org/springframework/beans/factory/xml/spring-tool-3.0.xsd, http://www.springframework.org/schema/tx/spring-tx.xsd=org/springframework/transaction/config/spring-tx-3.0.xsd, http://www.springframework.org/schema/aop/spring-aop-3.0.xsd=org/springframework/aop/config/spring-aop-3.0.xsd, http://www.springframework.org/schema/jee/spring-jee-3.0.xsd=org/springframework/ejb/config/spring-jee-3.0.xsd, http://www.springframework.org/schema/aop/spring-aop-2.0.xsd=org/springframework/aop/config/spring-aop-2.0.xsd, http://www.springframework.org/schema/jee/spring-jee-2.0.xsd=org/springframework/ejb/config/spring-jee-2.0.xsd, http://www.springframework.org/schema/tx/spring-tx-3.0.xsd=org/springframework/transaction/config/spring-tx-3.0.xsd, http://www.springframework.org/schema/aop/spring-aop-2.5.xsd=org/springframework/aop/config/spring-aop-2.5.xsd, http://www.springframework.org/schema/jee/spring-jee-2.5.xsd=org/springframework/ejb/config/spring-jee-2.5.xsd, http://www.springframework.org/schema/beans/spring-beans-3.0.xsd=org/springframework/beans/factory/xml/spring-beans-3.0.xsd, http://www.springframework.org/schema/lang/spring-lang-3.0.xsd=org/springframework/scripting/config/spring-lang-3.0.xsd, http://www.springframework.org/schema/lang/spring-lang-2.0.xsd=org/springframework/scripting/config/spring-lang-2.0.xsd, http://www.springframework.org/schema/jdbc/spring-jdbc-3.0.xsd=org/springframework/jdbc/config/spring-jdbc-3.0.xsd, http://www.springframework.org/schema/util/spring-util.xsd=org/springframework/beans/factory/xml/spring-util-3.0.xsd}
2011-05-12 22:29:02,027 [main] DEBUG [org.springframework.beans.factory.xml.PluggableSchemaResolver] - Found XML schema [http://www.springframework.org/schema/beans/spring-beans-3.0.xsd] in classpath: org/springframework/beans/factory/xml/spring-beans-3.0.xsd
2011-05-12 22:29:02,143 [main] DEBUG [org.springframework.beans.factory.xml.PluggableSchemaResolver] - Found XML schema [http://www.springframework.org/schema/context/spring-context-3.0.xsd] in classpath: org/springframework/context/config/spring-context-3.0.xsd
2011-05-12 22:29:02,163 [main] DEBUG [org.springframework.beans.factory.xml.PluggableSchemaResolver] - Found XML schema [http://www.springframework.org/schema/tool/spring-tool-3.0.xsd] in classpath: org/springframework/beans/factory/xml/spring-tool-3.0.xsd
2011-05-12 22:29:02,194 [main] DEBUG [org.springframework.beans.factory.xml.PluggableSchemaResolver] - Found XML schema [http://www.springframework.org/schema/aop/spring-aop-3.0.xsd] in classpath: org/springframework/aop/config/spring-aop-3.0.xsd
2011-05-12 22:29:02,223 [main] DEBUG [org.springframework.beans.factory.xml.PluggableSchemaResolver] - Found XML schema [http://www.springframework.org/schema/tx/spring-tx-3.0.xsd] in classpath: org/springframework/transaction/config/spring-tx-3.0.xsd
2011-05-12 22:29:02,254 [main] DEBUG [org.springframework.beans.factory.xml.DefaultBeanDefinitionDocumentReader] - Loading bean definitions
2011-05-12 22:29:02,302 [main] DEBUG [org.springframework.beans.factory.xml.DefaultNamespaceHandlerResolver] - Loaded NamespaceHandler mappings: {http://www.springframework.org/schema/p=org.springframework.beans.factory.xml.SimplePropertyNamespaceHandler, http://www.springframework.org/schema/util=org.springframework.beans.factory.xml.UtilNamespaceHandler, http://www.springframework.org/schema/jee=org.springframework.ejb.config.JeeNamespaceHandler, http://www.springframework.org/schema/aop=org.springframework.aop.config.AopNamespaceHandler, http://www.springframework.org/schema/jdbc=org.springframework.jdbc.config.JdbcNamespaceHandler, http://www.springframework.org/schema/tx=org.springframework.transaction.config.TxNamespaceHandler, http://www.springframework.org/schema/task=org.springframework.scheduling.config.TaskNamespaceHandler, http://www.springframework.org/schema/lang=org.springframework.scripting.config.LangNamespaceHandler, http://www.springframework.org/schema/context=org.springframework.context.config.ContextNamespaceHandler}
2011-05-12 22:29:02,425 [main] DEBUG [org.springframework.beans.factory.xml.BeanDefinitionParserDelegate] - Neither XML 'id' nor 'name' specified - using generated bean name [org.springframework.beans.factory.annotation.AutowiredAnnotationBeanPostProcessor#0]
2011-05-12 22:29:02,575 [main] INFO  [org.springframework.context.annotation.ClassPathBeanDefinitionScanner] - JSR-250 'javax.annotation.ManagedBean' found and supported for component scanning
2011-05-12 22:29:02,583 [main] INFO  [org.springframework.context.annotation.ClassPathBeanDefinitionScanner] - JSR-330 'javax.inject.Named' annotation found and supported for component scanning
2011-05-12 22:29:02,597 [main] DEBUG [org.springframework.core.io.support.PathMatchingResourcePatternResolver] - Looking for matching resources in directory tree [E:\Form\target\test-classes\com\form]
2011-05-12 22:29:02,618 [main] DEBUG [org.springframework.core.io.support.PathMatchingResourcePatternResolver] - Searching directory [E:\Form\target\test-classes\com\form] for files matching pattern [E:/Form/target/test-classes/com/form/*/**/*.class]
2011-05-12 22:29:02,622 [main] DEBUG [org.springframework.core.io.support.PathMatchingResourcePatternResolver] - Searching directory [E:\Form\target\test-classes\com\form\dao] for files matching pattern [E:/Form/target/test-classes/com/form/*/**/*.class]
2011-05-12 22:29:02,630 [main] DEBUG [org.springframework.core.io.support.PathMatchingResourcePatternResolver] - Looking for matching resources in directory tree [E:\Form\target\classes\com\form]
2011-05-12 22:29:02,632 [main] DEBUG [org.springframework.core.io.support.PathMatchingResourcePatternResolver] - Searching directory [E:\Form\target\classes\com\form] for files matching pattern [E:/Form/target/classes/com/form/*/**/*.class]
2011-05-12 22:29:02,677 [main] DEBUG [org.springframework.core.io.support.PathMatchingResourcePatternResolver] - Searching directory [E:\Form\target\classes\com\form\base] for files matching pattern [E:/Form/target/classes/com/form/*/**/*.class]
2011-05-12 22:29:02,686 [main] DEBUG [org.springframework.core.io.support.PathMatchingResourcePatternResolver] - Searching directory [E:\Form\target\classes\com\form\dao] for files matching pattern [E:/Form/target/classes/com/form/*/**/*.class]
2011-05-12 22:29:02,690 [main] DEBUG [org.springframework.core.io.support.PathMatchingResourcePatternResolver] - Searching directory [E:\Form\target\classes\com\form\dao\base] for files matching pattern [E:/Form/target/classes/com/form/*/**/*.class]
2011-05-12 22:29:02,737 [main] DEBUG [org.springframework.core.io.support.PathMatchingResourcePatternResolver] - Searching directory [E:\Form\target\classes\com\form\dao\impl] for files matching pattern [E:/Form/target/classes/com/form/*/**/*.class]
2011-05-12 22:29:02,746 [main] DEBUG [org.springframework.core.io.support.PathMatchingResourcePatternResolver] - Searching directory [E:\Form\target\classes\com\form\model] for files matching pattern [E:/Form/target/classes/com/form/*/**/*.class]
2011-05-12 22:29:02,793 [main] DEBUG [org.springframework.core.io.support.PathMatchingResourcePatternResolver] - Searching directory [E:\Form\target\classes\com\form\service] for files matching pattern [E:/Form/target/classes/com/form/*/**/*.class]
2011-05-12 22:29:02,797 [main] DEBUG [org.springframework.core.io.support.PathMatchingResourcePatternResolver] - Searching directory [E:\Form\target\classes\com\form\service\impl] for files matching pattern [E:/Form/target/classes/com/form/*/**/*.class]
2011-05-12 22:29:02,843 [main] DEBUG [org.springframework.core.io.support.PathMatchingResourcePatternResolver] - Searching directory [E:\Form\target\classes\com\form\util] for files matching pattern [E:/Form/target/classes/com/form/*/**/*.class]
2011-05-12 22:29:02,847 [main] DEBUG [org.springframework.core.io.support.PathMatchingResourcePatternResolver] - Searching directory [E:\Form\target\classes\com\form\web] for files matching pattern [E:/Form/target/classes/com/form/*/**/*.class]
2011-05-12 22:29:02,851 [main] DEBUG [org.springframework.core.io.support.PathMatchingResourcePatternResolver] - Searching directory [E:\Form\target\classes\com\form\web\action] for files matching pattern [E:/Form/target/classes/com/form/*/**/*.class]
2011-05-12 22:29:02,894 [main] DEBUG [org.springframework.core.io.support.PathMatchingResourcePatternResolver] - Searching directory [E:\Form\target\classes\com\form\web\action\company] for files matching pattern [E:/Form/target/classes/com/form/*/**/*.class]
2011-05-12 22:29:02,898 [main] DEBUG [org.springframework.core.io.support.PathMatchingResourcePatternResolver] - Searching directory [E:\Form\target\classes\com\form\web\action\fromdata] for files matching pattern [E:/Form/target/classes/com/form/*/**/*.class]
2011-05-12 22:29:02,905 [main] DEBUG [org.springframework.core.io.support.PathMatchingResourcePatternResolver] - Searching directory [E:\Form\target\classes\com\form\web\action\user] for files matching pattern [E:/Form/target/classes/com/form/*/**/*.class]
2011-05-12 22:29:02,909 [main] DEBUG [org.springframework.core.io.support.PathMatchingResourcePatternResolver] - Searching directory [E:\Form\target\classes\com\form\web\filter] for files matching pattern [E:/Form/target/classes/com/form/*/**/*.class]
2011-05-12 22:29:02,957 [main] DEBUG [org.springframework.core.io.support.PathMatchingResourcePatternResolver] - Searching directory [E:\Form\target\classes\com\form\web\listener] for files matching pattern [E:/Form/target/classes/com/form/*/**/*.class]
2011-05-12 22:29:02,964 [main] DEBUG [org.springframework.core.io.support.PathMatchingResourcePatternResolver] - Resolved location pattern [classpath*:com/form/*/**/*.class] to resources [file [E:\Form\target\test-classes\com\form\dao\CompanyDaoTest.class], file [E:\Form\target\test-classes\com\form\dao\FormDataDaoTest.class], file [E:\Form\target\test-classes\com\form\dao\TemplateDaoTest.class], file [E:\Form\target\test-classes\com\form\dao\UserDaoTest.class], file [E:\Form\target\classes\com\form\base\BaseInterface.class], file [E:\Form\target\classes\com\form\base\BaseTestCase.class], file [E:\Form\target\classes\com\form\base\DomainObject.class], file [E:\Form\target\classes\com\form\base\Page.class], file [E:\Form\target\classes\com\form\base\QueryParams.class], file [E:\Form\target\classes\com\form\dao\base\BaseDaoImpl.class], file [E:\Form\target\classes\com\form\dao\CompanyDao.class], file [E:\Form\target\classes\com\form\dao\FormDataDao.class], file [E:\Form\target\classes\com\form\dao\impl\CompanyDaoImpl.class], file [E:\Form\target\classes\com\form\dao\impl\FormDataDaoImpl.class], file [E:\Form\target\classes\com\form\dao\impl\TemplateDaoImpl.class], file [E:\Form\target\classes\com\form\dao\impl\UserDaoImpl.class], file [E:\Form\target\classes\com\form\dao\TemplateDao.class], file [E:\Form\target\classes\com\form\dao\UserDao.class], file [E:\Form\target\classes\com\form\model\Company.class], file [E:\Form\target\classes\com\form\model\FormData.class], file [E:\Form\target\classes\com\form\model\Template.class], file [E:\Form\target\classes\com\form\model\User.class], file [E:\Form\target\classes\com\form\service\CompanyService.class], file [E:\Form\target\classes\com\form\service\FormDataService.class], file [E:\Form\target\classes\com\form\service\impl\CompanyServiceImpl.class], file [E:\Form\target\classes\com\form\service\impl\FormDataServiceImpl.class], file [E:\Form\target\classes\com\form\service\impl\TemplateServiceImpl.class], file [E:\Form\target\classes\com\form\service\impl\UserServiceImpl.class], file [E:\Form\target\classes\com\form\service\TemplateService.class], file [E:\Form\target\classes\com\form\service\UserService.class], file [E:\Form\target\classes\com\form\util\LogUtil.class], file [E:\Form\target\classes\com\form\web\action\BaseAction.class], file [E:\Form\target\classes\com\form\web\action\company\CompanyAction.class], file [E:\Form\target\classes\com\form\web\action\fromdata\FormDataAction.class], file [E:\Form\target\classes\com\form\web\action\IndexAction.class], file [E:\Form\target\classes\com\form\web\action\user\UserAction.class], file [E:\Form\target\classes\com\form\web\filter\LoginFilter.class], file [E:\Form\target\classes\com\form\web\listener\FormStartupListener.class], file [E:\Form\target\classes\com\form\web\ServerBeanFactory.class]]
2011-05-12 22:29:03,181 [main] DEBUG [org.springframework.context.annotation.ClassPathBeanDefinitionScanner] - Identified candidate component class: file [E:\Form\target\classes\com\form\dao\impl\CompanyDaoImpl.class]
2011-05-12 22:29:03,186 [main] DEBUG [org.springframework.context.annotation.ClassPathBeanDefinitionScanner] - Identified candidate component class: file [E:\Form\target\classes\com\form\dao\impl\FormDataDaoImpl.class]
2011-05-12 22:29:03,199 [main] DEBUG [org.springframework.context.annotation.ClassPathBeanDefinitionScanner] - Identified candidate component class: file [E:\Form\target\classes\com\form\dao\impl\TemplateDaoImpl.class]
2011-05-12 22:29:03,205 [main] DEBUG [org.springframework.context.annotation.ClassPathBeanDefinitionScanner] - Identified candidate component class: file [E:\Form\target\classes\com\form\dao\impl\UserDaoImpl.class]
2011-05-12 22:29:03,250 [main] DEBUG [org.springframework.context.annotation.ClassPathBeanDefinitionScanner] - Identified candidate component class: file [E:\Form\target\classes\com\form\service\impl\CompanyServiceImpl.class]
2011-05-12 22:29:03,267 [main] DEBUG [org.springframework.context.annotation.ClassPathBeanDefinitionScanner] - Identified candidate component class: file [E:\Form\target\classes\com\form\service\impl\FormDataServiceImpl.class]
2011-05-12 22:29:03,272 [main] DEBUG [org.springframework.context.annotation.ClassPathBeanDefinitionScanner] - Identified candidate component class: file [E:\Form\target\classes\com\form\service\impl\TemplateServiceImpl.class]
2011-05-12 22:29:03,300 [main] DEBUG [org.springframework.context.annotation.ClassPathBeanDefinitionScanner] - Identified candidate component class: file [E:\Form\target\classes\com\form\service\impl\UserServiceImpl.class]
2011-05-12 22:29:03,322 [main] DEBUG [org.springframework.context.annotation.ClassPathBeanDefinitionScanner] - Identified candidate component class: file [E:\Form\target\classes\com\form\web\action\company\CompanyAction.class]
2011-05-12 22:29:03,327 [main] DEBUG [org.springframework.context.annotation.ClassPathBeanDefinitionScanner] - Identified candidate component class: file [E:\Form\target\classes\com\form\web\action\fromdata\FormDataAction.class]
2011-05-12 22:29:03,355 [main] DEBUG [org.springframework.context.annotation.ClassPathBeanDefinitionScanner] - Identified candidate component class: file [E:\Form\target\classes\com\form\web\action\IndexAction.class]
2011-05-12 22:29:03,382 [main] DEBUG [org.springframework.context.annotation.ClassPathBeanDefinitionScanner] - Identified candidate component class: file [E:\Form\target\classes\com\form\web\action\user\UserAction.class]
2011-05-12 22:29:03,429 [main] DEBUG [org.springframework.beans.factory.xml.XmlBeanDefinitionReader] - Loaded 26 bean definitions from location pattern [conf/spring/applicationContext*.xml]
2011-05-12 22:29:03,431 [main] DEBUG [org.springframework.context.support.ClassPathXmlApplicationContext] - Bean factory for org.springframework.context.support.ClassPathXmlApplicationContext@56a499: org.springframework.beans.factory.support.DefaultListableBeanFactory@1e78fc6: defining beans [org.springframework.beans.factory.config.PropertyPlaceholderConfigurer#0,dataSource,org.springframework.beans.factory.annotation.AutowiredAnnotationBeanPostProcessor#0,sqlSessionFactory,transactionManager,org.springframework.aop.config.internalAutoProxyCreator,servicesPointcut,org.springframework.aop.support.DefaultBeanFactoryPointcutAdvisor#0,txAdvice,companyDao,formDataDao,templateDao,userDao,companyService,formDataService,templateService,userService,companyAction,formDataAction,indexAction,userAction,org.springframework.context.annotation.internalConfigurationAnnotationProcessor,org.springframework.context.annotation.internalAutowiredAnnotationProcessor,org.springframework.context.annotation.internalRequiredAnnotationProcessor,org.springframework.context.annotation.internalCommonAnnotationProcessor,org.springframework.context.annotation.internalPersistenceAnnotationProcessor]; root of factory hierarchy
2011-05-12 22:29:03,604 [main] DEBUG [org.springframework.beans.factory.support.DefaultListableBeanFactory] - Creating shared instance of singleton bean 'org.springframework.context.annotation.internalConfigurationAnnotationProcessor'
2011-05-12 22:29:03,607 [main] DEBUG [org.springframework.beans.factory.support.DefaultListableBeanFactory] - Creating instance of bean 'org.springframework.context.annotation.internalConfigurationAnnotationProcessor'
2011-05-12 22:29:03,679 [main] DEBUG [org.springframework.beans.factory.support.DefaultListableBeanFactory] - Eagerly caching bean 'org.springframework.context.annotation.internalConfigurationAnnotationProcessor' to allow for resolving potential circular references
2011-05-12 22:29:03,685 [main] DEBUG [org.springframework.beans.factory.support.DefaultListableBeanFactory] - Finished creating instance of bean 'org.springframework.context.annotation.internalConfigurationAnnotationProcessor'
2011-05-12 22:29:03,836 [main] DEBUG [org.springframework.beans.factory.support.DefaultListableBeanFactory] - Creating shared instance of singleton bean 'org.springframework.beans.factory.config.PropertyPlaceholderConfigurer#0'
2011-05-12 22:29:03,838 [main] DEBUG [org.springframework.beans.factory.support.DefaultListableBeanFactory] - Creating instance of bean 'org.springframework.beans.factory.config.PropertyPlaceholderConfigurer#0'
2011-05-12 22:29:03,845 [main] DEBUG [org.springframework.beans.factory.support.DefaultListableBeanFactory] - Eagerly caching bean 'org.springframework.beans.factory.config.PropertyPlaceholderConfigurer#0' to allow for resolving potential circular references
2011-05-12 22:29:03,932 [main] DEBUG [org.springframework.beans.factory.support.DefaultListableBeanFactory] - Finished creating instance of bean 'org.springframework.beans.factory.config.PropertyPlaceholderConfigurer#0'
2011-05-12 22:29:03,934 [main] INFO  [org.springframework.beans.factory.config.PropertyPlaceholderConfigurer] - Loading properties file from class path resource [conf/jdbc/jdbc.properties]
2011-05-12 22:29:03,952 [main] DEBUG [org.springframework.beans.factory.support.DefaultListableBeanFactory] - Creating shared instance of singleton bean 'org.springframework.beans.factory.annotation.AutowiredAnnotationBeanPostProcessor#0'
2011-05-12 22:29:03,968 [main] DEBUG [org.springframework.beans.factory.support.DefaultListableBeanFactory] - Creating instance of bean 'org.springframework.beans.factory.annotation.AutowiredAnnotationBeanPostProcessor#0'
2011-05-12 22:29:03,973 [main] INFO  [org.springframework.beans.factory.annotation.AutowiredAnnotationBeanPostProcessor] - JSR-330 'javax.inject.Inject' annotation found and supported for autowiring
2011-05-12 22:29:03,975 [main] DEBUG [org.springframework.beans.factory.support.DefaultListableBeanFactory] - Eagerly caching bean 'org.springframework.beans.factory.annotation.AutowiredAnnotationBeanPostProcessor#0' to allow for resolving potential circular references
2011-05-12 22:29:03,978 [main] DEBUG [org.springframework.beans.factory.support.DefaultListableBeanFactory] - Finished creating instance of bean 'org.springframework.beans.factory.annotation.AutowiredAnnotationBeanPostProcessor#0'
2011-05-12 22:29:04,026 [main] DEBUG [org.springframework.beans.factory.support.DefaultListableBeanFactory] - Creating shared instance of singleton bean 'org.springframework.context.annotation.internalAutowiredAnnotationProcessor'
2011-05-12 22:29:04,029 [main] DEBUG [org.springframework.beans.factory.support.DefaultListableBeanFactory] - Creating instance of bean 'org.springframework.context.annotation.internalAutowiredAnnotationProcessor'
2011-05-12 22:29:04,032 [main] INFO  [org.springframework.beans.factory.annotation.AutowiredAnnotationBeanPostProcessor] - JSR-330 'javax.inject.Inject' annotation found and supported for autowiring
2011-05-12 22:29:04,039 [main] DEBUG [org.springframework.beans.factory.support.DefaultListableBeanFactory] - Eagerly caching bean 'org.springframework.context.annotation.internalAutowiredAnnotationProcessor' to allow for resolving potential circular references
2011-05-12 22:29:04,042 [main] DEBUG [org.springframework.beans.factory.support.DefaultListableBeanFactory] - Finished creating instance of bean 'org.springframework.context.annotation.internalAutowiredAnnotationProcessor'
2011-05-12 22:29:04,044 [main] DEBUG [org.springframework.beans.factory.support.DefaultListableBeanFactory] - Creating shared instance of singleton bean 'org.springframework.context.annotation.internalRequiredAnnotationProcessor'
2011-05-12 22:29:04,090 [main] DEBUG [org.springframework.beans.factory.support.DefaultListableBeanFactory] - Creating instance of bean 'org.springframework.context.annotation.internalRequiredAnnotationProcessor'
2011-05-12 22:29:04,095 [main] DEBUG [org.springframework.beans.factory.support.DefaultListableBeanFactory] - Eagerly caching bean 'org.springframework.context.annotation.internalRequiredAnnotationProcessor' to allow for resolving potential circular references
2011-05-12 22:29:04,098 [main] DEBUG [org.springframework.beans.factory.support.DefaultListableBeanFactory] - Finished creating instance of bean 'org.springframework.context.annotation.internalRequiredAnnotationProcessor'
2011-05-12 22:29:04,100 [main] DEBUG [org.springframework.beans.factory.support.DefaultListableBeanFactory] - Creating shared instance of singleton bean 'org.springframework.context.annotation.internalCommonAnnotationProcessor'
2011-05-12 22:29:04,148 [main] DEBUG [org.springframework.beans.factory.support.DefaultListableBeanFactory] - Creating instance of bean 'org.springframework.context.annotation.internalCommonAnnotationProcessor'
2011-05-12 22:29:04,163 [main] DEBUG [org.springframework.beans.factory.support.DefaultListableBeanFactory] - Eagerly caching bean 'org.springframework.context.annotation.internalCommonAnnotationProcessor' to allow for resolving potential circular references
2011-05-12 22:29:04,166 [main] DEBUG [org.springframework.beans.factory.support.DefaultListableBeanFactory] - Finished creating instance of bean 'org.springframework.context.annotation.internalCommonAnnotationProcessor'
2011-05-12 22:29:04,169 [main] DEBUG [org.springframework.beans.factory.support.DefaultListableBeanFactory] - Creating shared instance of singleton bean 'org.springframework.context.annotation.internalPersistenceAnnotationProcessor'
2011-05-12 22:29:04,205 [main] DEBUG [org.springframework.beans.factory.support.DefaultListableBeanFactory] - Creating instance of bean 'org.springframework.context.annotation.internalPersistenceAnnotationProcessor'
2011-05-12 22:29:04,209 [main] DEBUG [org.springframework.beans.factory.support.DefaultListableBeanFactory] - Eagerly caching bean 'org.springframework.context.annotation.internalPersistenceAnnotationProcessor' to allow for resolving potential circular references
2011-05-12 22:29:04,212 [main] DEBUG [org.springframework.beans.factory.support.DefaultListableBeanFactory] - Finished creating instance of bean 'org.springframework.context.annotation.internalPersistenceAnnotationProcessor'
2011-05-12 22:29:04,215 [main] DEBUG [org.springframework.beans.factory.support.DefaultListableBeanFactory] - Creating shared instance of singleton bean 'org.springframework.aop.config.internalAutoProxyCreator'
2011-05-12 22:29:04,218 [main] DEBUG [org.springframework.beans.factory.support.DefaultListableBeanFactory] - Creating instance of bean 'org.springframework.aop.config.internalAutoProxyCreator'
2011-05-12 22:29:04,246 [main] DEBUG [org.springframework.beans.factory.support.DefaultListableBeanFactory] - Eagerly caching bean 'org.springframework.aop.config.internalAutoProxyCreator' to allow for resolving potential circular references
2011-05-12 22:29:04,285 [main] DEBUG [org.springframework.beans.factory.support.DefaultListableBeanFactory] - Finished creating instance of bean 'org.springframework.aop.config.internalAutoProxyCreator'
2011-05-12 22:29:04,295 [main] DEBUG [org.springframework.context.support.ClassPathXmlApplicationContext] - Unable to locate MessageSource with name 'messageSource': using default [org.springframework.context.support.DelegatingMessageSource@db4fa2]
2011-05-12 22:29:04,305 [main] DEBUG [org.springframework.context.support.ClassPathXmlApplicationContext] - Unable to locate ApplicationEventMulticaster with name 'applicationEventMulticaster': using default [org.springframework.context.event.SimpleApplicationEventMulticaster@32efa7]
2011-05-12 22:29:04,332 [main] INFO  [org.springframework.beans.factory.support.DefaultListableBeanFactory] - Pre-instantiating singletons in org.springframework.beans.factory.support.DefaultListableBeanFactory@1e78fc6: defining beans [org.springframework.beans.factory.config.PropertyPlaceholderConfigurer#0,dataSource,org.springframework.beans.factory.annotation.AutowiredAnnotationBeanPostProcessor#0,sqlSessionFactory,transactionManager,org.springframework.aop.config.internalAutoProxyCreator,servicesPointcut,org.springframework.aop.support.DefaultBeanFactoryPointcutAdvisor#0,txAdvice,companyDao,formDataDao,templateDao,userDao,companyService,formDataService,templateService,userService,companyAction,formDataAction,indexAction,userAction,org.springframework.context.annotation.internalConfigurationAnnotationProcessor,org.springframework.context.annotation.internalAutowiredAnnotationProcessor,org.springframework.context.annotation.internalRequiredAnnotationProcessor,org.springframework.context.annotation.internalCommonAnnotationProcessor,org.springframework.context.annotation.internalPersistenceAnnotationProcessor]; root of factory hierarchy
2011-05-12 22:29:04,388 [main] DEBUG [org.springframework.beans.factory.support.DefaultListableBeanFactory] - Returning cached instance of singleton bean 'org.springframework.beans.factory.config.PropertyPlaceholderConfigurer#0'
2011-05-12 22:29:04,391 [main] DEBUG [org.springframework.beans.factory.support.DefaultListableBeanFactory] - Creating shared instance of singleton bean 'dataSource'
2011-05-12 22:29:04,393 [main] DEBUG [org.springframework.beans.factory.support.DefaultListableBeanFactory] - Creating instance of bean 'dataSource'
2011-05-12 22:29:04,398 [main] DEBUG [org.springframework.beans.factory.support.DefaultListableBeanFactory] - Creating shared instance of singleton bean 'org.springframework.aop.support.DefaultBeanFactoryPointcutAdvisor#0'
2011-05-12 22:29:04,401 [main] DEBUG [org.springframework.beans.factory.support.DefaultListableBeanFactory] - Creating instance of bean 'org.springframework.aop.support.DefaultBeanFactoryPointcutAdvisor#0'
2011-05-12 22:29:04,407 [main] DEBUG [org.springframework.beans.factory.support.DefaultListableBeanFactory] - Eagerly caching bean 'org.springframework.aop.support.DefaultBeanFactoryPointcutAdvisor#0' to allow for resolving potential circular references
2011-05-12 22:29:04,422 [main] DEBUG [org.springframework.beans.factory.support.DefaultListableBeanFactory] - Creating instance of bean 'servicesPointcut'
2011-05-12 22:29:04,445 [main] DEBUG [org.springframework.beans.factory.support.DefaultListableBeanFactory] - Finished creating instance of bean 'servicesPointcut'
2011-05-12 22:29:04,457 [main] DEBUG [org.springframework.beans.factory.support.DefaultListableBeanFactory] - Finished creating instance of bean 'org.springframework.aop.support.DefaultBeanFactoryPointcutAdvisor#0'
2011-05-12 22:29:04,503 [main] DEBUG [org.springframework.beans.factory.support.DefaultListableBeanFactory] - Eagerly caching bean 'dataSource' to allow for resolving potential circular references
2011-05-12 22:29:04,515 [main] DEBUG [org.springframework.beans.factory.support.DefaultListableBeanFactory] - Returning cached instance of singleton bean 'org.springframework.aop.support.DefaultBeanFactoryPointcutAdvisor#0'
2011-05-12 22:29:04,518 [main] DEBUG [org.springframework.beans.factory.support.DefaultListableBeanFactory] - Returning cached instance of singleton bean 'org.springframework.aop.support.DefaultBeanFactoryPointcutAdvisor#0'
2011-05-12 22:29:05,082 [main] DEBUG [org.springframework.beans.factory.support.DefaultListableBeanFactory] - Finished creating instance of bean 'dataSource'
2011-05-12 22:29:05,084 [main] DEBUG [org.springframework.beans.factory.support.DefaultListableBeanFactory] - Returning cached instance of singleton bean 'org.springframework.beans.factory.annotation.AutowiredAnnotationBeanPostProcessor#0'
2011-05-12 22:29:05,086 [main] DEBUG [org.springframework.beans.factory.support.DefaultListableBeanFactory] - Creating shared instance of singleton bean 'sqlSessionFactory'
2011-05-12 22:29:05,090 [main] DEBUG [org.springframework.beans.factory.support.DefaultListableBeanFactory] - Creating instance of bean 'sqlSessionFactory'
2011-05-12 22:29:05,092 [main] DEBUG [org.springframework.beans.factory.support.DefaultListableBeanFactory] - Returning cached instance of singleton bean 'org.springframework.aop.support.DefaultBeanFactoryPointcutAdvisor#0'
2011-05-12 22:29:05,130 [main] DEBUG [org.springframework.beans.factory.support.DefaultListableBeanFactory] - Eagerly caching bean 'sqlSessionFactory' to allow for resolving potential circular references
2011-05-12 22:29:05,139 [main] DEBUG [org.springframework.beans.factory.support.DefaultListableBeanFactory] - Returning cached instance of singleton bean 'dataSource'
2011-05-12 22:29:05,144 [main] DEBUG [org.springframework.beans.factory.support.DefaultListableBeanFactory] - Invoking afterPropertiesSet() on bean with name 'sqlSessionFactory'
2011-05-12 22:29:05,685 [main] DEBUG [org.springframework.beans.factory.support.DefaultListableBeanFactory] - Returning cached instance of singleton bean 'org.springframework.aop.support.DefaultBeanFactoryPointcutAdvisor#0'
2011-05-12 22:29:05,688 [main] DEBUG [org.springframework.beans.factory.support.DefaultListableBeanFactory] - Returning cached instance of singleton bean 'org.springframework.aop.support.DefaultBeanFactoryPointcutAdvisor#0'
2011-05-12 22:29:05,701 [main] DEBUG [org.springframework.beans.factory.support.DefaultListableBeanFactory] - Finished creating instance of bean 'sqlSessionFactory'
2011-05-12 22:29:05,713 [main] DEBUG [org.springframework.beans.factory.support.DefaultListableBeanFactory] - Creating shared instance of singleton bean 'transactionManager'
2011-05-12 22:29:05,714 [main] DEBUG [org.springframework.beans.factory.support.DefaultListableBeanFactory] - Creating instance of bean 'transactionManager'
2011-05-12 22:29:05,716 [main] DEBUG [org.springframework.beans.factory.support.DefaultListableBeanFactory] - Returning cached instance of singleton bean 'org.springframework.aop.support.DefaultBeanFactoryPointcutAdvisor#0'
2011-05-12 22:29:05,788 [main] DEBUG [org.springframework.beans.factory.support.DefaultListableBeanFactory] - Eagerly caching bean 'transactionManager' to allow for resolving potential circular references
2011-05-12 22:29:05,800 [main] DEBUG [org.springframework.beans.factory.support.DefaultListableBeanFactory] - Returning cached instance of singleton bean 'dataSource'
2011-05-12 22:29:05,802 [main] DEBUG [org.springframework.beans.factory.support.DefaultListableBeanFactory] - Invoking afterPropertiesSet() on bean with name 'transactionManager'
2011-05-12 22:29:05,818 [main] DEBUG [org.springframework.beans.factory.support.DefaultListableBeanFactory] - Returning cached instance of singleton bean 'org.springframework.aop.support.DefaultBeanFactoryPointcutAdvisor#0'
2011-05-12 22:29:05,820 [main] DEBUG [org.springframework.beans.factory.support.DefaultListableBeanFactory] - Returning cached instance of singleton bean 'org.springframework.aop.support.DefaultBeanFactoryPointcutAdvisor#0'
2011-05-12 22:29:05,839 [main] DEBUG [org.springframework.beans.factory.support.DefaultListableBeanFactory] - Finished creating instance of bean 'transactionManager'
2011-05-12 22:29:05,841 [main] DEBUG [org.springframework.beans.factory.support.DefaultListableBeanFactory] - Returning cached instance of singleton bean 'org.springframework.aop.config.internalAutoProxyCreator'
2011-05-12 22:29:05,843 [main] DEBUG [org.springframework.beans.factory.support.DefaultListableBeanFactory] - Returning cached instance of singleton bean 'org.springframework.aop.support.DefaultBeanFactoryPointcutAdvisor#0'
2011-05-12 22:29:05,880 [main] DEBUG [org.springframework.beans.factory.support.DefaultListableBeanFactory] - Creating shared instance of singleton bean 'txAdvice'
2011-05-12 22:29:05,882 [main] DEBUG [org.springframework.beans.factory.support.DefaultListableBeanFactory] - Creating instance of bean 'txAdvice'
2011-05-12 22:29:05,890 [main] DEBUG [org.springframework.beans.factory.support.DefaultListableBeanFactory] - Eagerly caching bean 'txAdvice' to allow for resolving potential circular references
2011-05-12 22:29:05,901 [main] DEBUG [org.springframework.beans.factory.support.DefaultListableBeanFactory] - Returning cached instance of singleton bean 'transactionManager'
2011-05-12 22:29:05,903 [main] DEBUG [org.springframework.beans.factory.support.DefaultListableBeanFactory] - Creating instance of bean '(inner bean)'
2011-05-12 22:29:05,937 [main] DEBUG [org.springframework.beans.factory.support.DefaultListableBeanFactory] - Returning cached instance of singleton bean 'org.springframework.aop.support.DefaultBeanFactoryPointcutAdvisor#0'
2011-05-12 22:29:05,956 [main] DEBUG [org.springframework.transaction.interceptor.NameMatchTransactionAttributeSource] - Adding transactional method [add*] with attribute [PROPAGATION_REQUIRED,ISOLATION_DEFAULT]
2011-05-12 22:29:05,959 [main] DEBUG [org.springframework.transaction.interceptor.NameMatchTransactionAttributeSource] - Adding transactional method [save*] with attribute [PROPAGATION_REQUIRED,ISOLATION_DEFAULT]
2011-05-12 22:29:05,961 [main] DEBUG [org.springframework.transaction.interceptor.NameMatchTransactionAttributeSource] - Adding transactional method [update*] with attribute [PROPAGATION_REQUIRED,ISOLATION_DEFAULT]
2011-05-12 22:29:05,994 [main] DEBUG [org.springframework.transaction.interceptor.NameMatchTransactionAttributeSource] - Adding transactional method [delete*] with attribute [PROPAGATION_REQUIRED,ISOLATION_DEFAULT]
2011-05-12 22:29:05,996 [main] DEBUG [org.springframework.transaction.interceptor.NameMatchTransactionAttributeSource] - Adding transactional method [recommend*] with attribute [PROPAGATION_REQUIRED,ISOLATION_DEFAULT]
2011-05-12 22:29:05,999 [main] DEBUG [org.springframework.transaction.interceptor.NameMatchTransactionAttributeSource] - Adding transactional method [cancel*] with attribute [PROPAGATION_REQUIRED,ISOLATION_DEFAULT]
2011-05-12 22:29:06,002 [main] DEBUG [org.springframework.transaction.interceptor.NameMatchTransactionAttributeSource] - Adding transactional method [get*] with attribute [PROPAGATION_REQUIRED,ISOLATION_DEFAULT,readOnly]
2011-05-12 22:29:06,004 [main] DEBUG [org.springframework.beans.factory.support.DefaultListableBeanFactory] - Returning cached instance of singleton bean 'org.springframework.aop.support.DefaultBeanFactoryPointcutAdvisor#0'
2011-05-12 22:29:06,007 [main] DEBUG [org.springframework.beans.factory.support.DefaultListableBeanFactory] - Returning cached instance of singleton bean 'org.springframework.aop.support.DefaultBeanFactoryPointcutAdvisor#0'
2011-05-12 22:29:06,015 [main] DEBUG [org.springframework.beans.factory.support.DefaultListableBeanFactory] - Finished creating instance of bean '(inner bean)'
2011-05-12 22:29:06,018 [main] DEBUG [org.springframework.beans.factory.support.DefaultListableBeanFactory] - Invoking afterPropertiesSet() on bean with name 'txAdvice'
2011-05-12 22:29:06,019 [main] DEBUG [org.springframework.beans.factory.support.DefaultListableBeanFactory] - Finished creating instance of bean 'txAdvice'
2011-05-12 22:29:06,021 [main] DEBUG [org.springframework.beans.factory.support.DefaultListableBeanFactory] - Creating shared instance of singleton bean 'companyDao'
2011-05-12 22:29:06,064 [main] DEBUG [org.springframework.beans.factory.support.DefaultListableBeanFactory] - Creating instance of bean 'companyDao'
2011-05-12 22:29:06,066 [main] DEBUG [org.springframework.beans.factory.support.DefaultListableBeanFactory] - Returning cached instance of singleton bean 'org.springframework.aop.support.DefaultBeanFactoryPointcutAdvisor#0'
2011-05-12 22:29:06,081 [main] DEBUG [org.springframework.beans.factory.annotation.InjectionMetadata] - Found injected element on class [com.form.dao.impl.CompanyDaoImpl]: ResourceElement for private org.apache.ibatis.session.SqlSessionFactory com.form.dao.base.BaseDaoImpl.sqlSessionFactory
2011-05-12 22:29:06,084 [main] DEBUG [org.springframework.beans.factory.annotation.InjectionMetadata] - Found injected element on class [com.form.dao.impl.CompanyDaoImpl]: ResourceElement for private org.apache.ibatis.session.SqlSessionFactory com.form.dao.impl.CompanyDaoImpl.sqlSessionFactory
2011-05-12 22:29:06,123 [main] DEBUG [org.springframework.beans.factory.support.DefaultListableBeanFactory] - Eagerly caching bean 'companyDao' to allow for resolving potential circular references
2011-05-12 22:29:06,134 [main] DEBUG [org.springframework.beans.factory.annotation.InjectionMetadata] - Processing injected method of bean 'companyDao': ResourceElement for private org.apache.ibatis.session.SqlSessionFactory com.form.dao.base.BaseDaoImpl.sqlSessionFactory
2011-05-12 22:29:06,137 [main] DEBUG [org.springframework.beans.factory.support.DefaultListableBeanFactory] - Returning cached instance of singleton bean 'sqlSessionFactory'
2011-05-12 22:29:06,139 [main] DEBUG [org.springframework.beans.factory.support.DefaultListableBeanFactory] - Returning cached instance of singleton bean 'org.springframework.aop.support.DefaultBeanFactoryPointcutAdvisor#0'
2011-05-12 22:29:06,179 [main] DEBUG [org.springframework.beans.factory.support.DefaultListableBeanFactory] - Returning cached instance of singleton bean 'org.springframework.aop.support.DefaultBeanFactoryPointcutAdvisor#0'
2011-05-12 22:29:06,192 [main] DEBUG [org.springframework.beans.factory.annotation.InjectionMetadata] - Processing injected method of bean 'companyDao': ResourceElement for private org.apache.ibatis.session.SqlSessionFactory com.form.dao.impl.CompanyDaoImpl.sqlSessionFactory
2011-05-12 22:29:06,195 [main] DEBUG [org.springframework.beans.factory.support.DefaultListableBeanFactory] - Returning cached instance of singleton bean 'sqlSessionFactory'
2011-05-12 22:29:06,197 [main] DEBUG [org.springframework.beans.factory.support.DefaultListableBeanFactory] - Returning cached instance of singleton bean 'org.springframework.aop.support.DefaultBeanFactoryPointcutAdvisor#0'
2011-05-12 22:29:06,236 [main] DEBUG [org.springframework.beans.factory.support.DefaultListableBeanFactory] - Returning cached instance of singleton bean 'org.springframework.aop.support.DefaultBeanFactoryPointcutAdvisor#0'
2011-05-12 22:29:06,262 [main] DEBUG [org.springframework.beans.factory.support.DefaultListableBeanFactory] - Finished creating instance of bean 'companyDao'
2011-05-12 22:29:06,264 [main] DEBUG [org.springframework.beans.factory.support.DefaultListableBeanFactory] - Creating shared instance of singleton bean 'formDataDao'
2011-05-12 22:29:06,265 [main] DEBUG [org.springframework.beans.factory.support.DefaultListableBeanFactory] - Creating instance of bean 'formDataDao'
2011-05-12 22:29:06,267 [main] DEBUG [org.springframework.beans.factory.support.DefaultListableBeanFactory] - Returning cached instance of singleton bean 'org.springframework.aop.support.DefaultBeanFactoryPointcutAdvisor#0'
2011-05-12 22:29:06,304 [main] DEBUG [org.springframework.beans.factory.annotation.InjectionMetadata] - Found injected element on class [com.form.dao.impl.FormDataDaoImpl]: ResourceElement for private org.apache.ibatis.session.SqlSessionFactory com.form.dao.base.BaseDaoImpl.sqlSessionFactory
2011-05-12 22:29:06,307 [main] DEBUG [org.springframework.beans.factory.annotation.InjectionMetadata] - Found injected element on class [com.form.dao.impl.FormDataDaoImpl]: ResourceElement for private org.apache.ibatis.session.SqlSessionFactory com.form.dao.impl.FormDataDaoImpl.sqlSessionFactory
2011-05-12 22:29:06,357 [main] DEBUG [org.springframework.beans.factory.support.DefaultListableBeanFactory] - Eagerly caching bean 'formDataDao' to allow for resolving potential circular references
2011-05-12 22:29:06,365 [main] DEBUG [org.springframework.beans.factory.annotation.InjectionMetadata] - Processing injected method of bean 'formDataDao': ResourceElement for private org.apache.ibatis.session.SqlSessionFactory com.form.dao.base.BaseDaoImpl.sqlSessionFactory
2011-05-12 22:29:06,368 [main] DEBUG [org.springframework.beans.factory.support.DefaultListableBeanFactory] - Returning cached instance of singleton bean 'sqlSessionFactory'
2011-05-12 22:29:06,409 [main] DEBUG [org.springframework.beans.factory.annotation.InjectionMetadata] - Processing injected method of bean 'formDataDao': ResourceElement for private org.apache.ibatis.session.SqlSessionFactory com.form.dao.impl.FormDataDaoImpl.sqlSessionFactory
2011-05-12 22:29:06,412 [main] DEBUG [org.springframework.beans.factory.support.DefaultListableBeanFactory] - Returning cached instance of singleton bean 'sqlSessionFactory'
2011-05-12 22:29:06,415 [main] DEBUG [org.springframework.beans.factory.support.DefaultListableBeanFactory] - Returning cached instance of singleton bean 'org.springframework.aop.support.DefaultBeanFactoryPointcutAdvisor#0'
2011-05-12 22:29:06,417 [main] DEBUG [org.springframework.beans.factory.support.DefaultListableBeanFactory] - Returning cached instance of singleton bean 'org.springframework.aop.support.DefaultBeanFactoryPointcutAdvisor#0'
2011-05-12 22:29:06,423 [main] DEBUG [org.springframework.beans.factory.support.DefaultListableBeanFactory] - Finished creating instance of bean 'formDataDao'
2011-05-12 22:29:06,468 [main] DEBUG [org.springframework.beans.factory.support.DefaultListableBeanFactory] - Creating shared instance of singleton bean 'templateDao'
2011-05-12 22:29:06,470 [main] DEBUG [org.springframework.beans.factory.support.DefaultListableBeanFactory] - Creating instance of bean 'templateDao'
2011-05-12 22:29:06,472 [main] DEBUG [org.springframework.beans.factory.support.DefaultListableBeanFactory] - Returning cached instance of singleton bean 'org.springframework.aop.support.DefaultBeanFactoryPointcutAdvisor#0'
2011-05-12 22:29:06,476 [main] DEBUG [org.springframework.beans.factory.annotation.InjectionMetadata] - Found injected element on class [com.form.dao.impl.TemplateDaoImpl]: ResourceElement for private org.apache.ibatis.session.SqlSessionFactory com.form.dao.base.BaseDaoImpl.sqlSessionFactory
2011-05-12 22:29:06,479 [main] DEBUG [org.springframework.beans.factory.annotation.InjectionMetadata] - Found injected element on class [com.form.dao.impl.TemplateDaoImpl]: ResourceElement for private org.apache.ibatis.session.SqlSessionFactory com.form.dao.impl.TemplateDaoImpl.sqlSessionFactory
2011-05-12 22:29:06,528 [main] DEBUG [org.springframework.beans.factory.support.DefaultListableBeanFactory] - Eagerly caching bean 'templateDao' to allow for resolving potential circular references
2011-05-12 22:29:06,536 [main] DEBUG [org.springframework.beans.factory.annotation.InjectionMetadata] - Processing injected method of bean 'templateDao': ResourceElement for private org.apache.ibatis.session.SqlSessionFactory com.form.dao.base.BaseDaoImpl.sqlSessionFactory
2011-05-12 22:29:06,539 [main] DEBUG [org.springframework.beans.factory.support.DefaultListableBeanFactory] - Returning cached instance of singleton bean 'sqlSessionFactory'
2011-05-12 22:29:06,581 [main] DEBUG [org.springframework.beans.factory.annotation.InjectionMetadata] - Processing injected method of bean 'templateDao': ResourceElement for private org.apache.ibatis.session.SqlSessionFactory com.form.dao.impl.TemplateDaoImpl.sqlSessionFactory
2011-05-12 22:29:06,584 [main] DEBUG [org.springframework.beans.factory.support.DefaultListableBeanFactory] - Returning cached instance of singleton bean 'sqlSessionFactory'
2011-05-12 22:29:06,587 [main] DEBUG [org.springframework.beans.factory.support.DefaultListableBeanFactory] - Returning cached instance of singleton bean 'org.springframework.aop.support.DefaultBeanFactoryPointcutAdvisor#0'
2011-05-12 22:29:06,590 [main] DEBUG [org.springframework.beans.factory.support.DefaultListableBeanFactory] - Returning cached instance of singleton bean 'org.springframework.aop.support.DefaultBeanFactoryPointcutAdvisor#0'
2011-05-12 22:29:06,595 [main] DEBUG [org.springframework.beans.factory.support.DefaultListableBeanFactory] - Finished creating instance of bean 'templateDao'
2011-05-12 22:29:06,597 [main] DEBUG [org.springframework.beans.factory.support.DefaultListableBeanFactory] - Creating shared instance of singleton bean 'userDao'
2011-05-12 22:29:06,599 [main] DEBUG [org.springframework.beans.factory.support.DefaultListableBeanFactory] - Creating instance of bean 'userDao'
2011-05-12 22:29:06,601 [main] DEBUG [org.springframework.beans.factory.support.DefaultListableBeanFactory] - Returning cached instance of singleton bean 'org.springframework.aop.support.DefaultBeanFactoryPointcutAdvisor#0'
2011-05-12 22:29:06,648 [main] DEBUG [org.springframework.beans.factory.annotation.InjectionMetadata] - Found injected element on class [com.form.dao.impl.UserDaoImpl]: ResourceElement for private org.apache.ibatis.session.SqlSessionFactory com.form.dao.base.BaseDaoImpl.sqlSessionFactory
2011-05-12 22:29:06,653 [main] DEBUG [org.springframework.beans.factory.annotation.InjectionMetadata] - Found injected element on class [com.form.dao.impl.UserDaoImpl]: ResourceElement for private org.apache.ibatis.session.SqlSessionFactory com.form.dao.impl.UserDaoImpl.sqlSessionFactory
2011-05-12 22:29:06,657 [main] DEBUG [org.springframework.beans.factory.support.DefaultListableBeanFactory] - Eagerly caching bean 'userDao' to allow for resolving potential circular references
2011-05-12 22:29:06,668 [main] DEBUG [org.springframework.beans.factory.annotation.InjectionMetadata] - Processing injected method of bean 'userDao': ResourceElement for private org.apache.ibatis.session.SqlSessionFactory com.form.dao.base.BaseDaoImpl.sqlSessionFactory
2011-05-12 22:29:06,670 [main] DEBUG [org.springframework.beans.factory.support.DefaultListableBeanFactory] - Returning cached instance of singleton bean 'sqlSessionFactory'
2011-05-12 22:29:06,710 [main] DEBUG [org.springframework.beans.factory.annotation.InjectionMetadata] - Processing injected method of bean 'userDao': ResourceElement for private org.apache.ibatis.session.SqlSessionFactory com.form.dao.impl.UserDaoImpl.sqlSessionFactory
2011-05-12 22:29:06,713 [main] DEBUG [org.springframework.beans.factory.support.DefaultListableBeanFactory] - Returning cached instance of singleton bean 'sqlSessionFactory'
2011-05-12 22:29:06,715 [main] DEBUG [org.springframework.beans.factory.support.DefaultListableBeanFactory] - Returning cached instance of singleton bean 'org.springframework.aop.support.DefaultBeanFactoryPointcutAdvisor#0'
2011-05-12 22:29:06,718 [main] DEBUG [org.springframework.beans.factory.support.DefaultListableBeanFactory] - Returning cached instance of singleton bean 'org.springframework.aop.support.DefaultBeanFactoryPointcutAdvisor#0'
2011-05-12 22:29:06,732 [main] DEBUG [org.springframework.beans.factory.support.DefaultListableBeanFactory] - Finished creating instance of bean 'userDao'
2011-05-12 22:29:06,734 [main] DEBUG [org.springframework.beans.factory.support.DefaultListableBeanFactory] - Creating shared instance of singleton bean 'companyService'
2011-05-12 22:29:06,736 [main] DEBUG [org.springframework.beans.factory.support.DefaultListableBeanFactory] - Creating instance of bean 'companyService'
2011-05-12 22:29:06,737 [main] DEBUG [org.springframework.beans.factory.support.DefaultListableBeanFactory] - Returning cached instance of singleton bean 'org.springframework.aop.support.DefaultBeanFactoryPointcutAdvisor#0'
2011-05-12 22:29:06,783 [main] DEBUG [org.springframework.beans.factory.annotation.InjectionMetadata] - Found injected element on class [com.form.service.impl.CompanyServiceImpl]: AutowiredFieldElement for private com.form.dao.CompanyDao com.form.service.impl.CompanyServiceImpl.companyDao
2011-05-12 22:29:06,786 [main] DEBUG [org.springframework.beans.factory.annotation.InjectionMetadata] - Found injected element on class [com.form.service.impl.CompanyServiceImpl]: AutowiredFieldElement for private com.form.dao.CompanyDao com.form.service.impl.CompanyServiceImpl.companyDao
2011-05-12 22:29:06,829 [main] DEBUG [org.springframework.beans.factory.support.DefaultListableBeanFactory] - Eagerly caching bean 'companyService' to allow for resolving potential circular references
2011-05-12 22:29:06,835 [main] DEBUG [org.springframework.beans.factory.annotation.InjectionMetadata] - Processing injected method of bean 'companyService': AutowiredFieldElement for private com.form.dao.CompanyDao com.form.service.impl.CompanyServiceImpl.companyDao
2011-05-12 22:29:06,842 [main] DEBUG [org.springframework.beans.factory.support.DefaultListableBeanFactory] - Returning cached instance of singleton bean 'companyDao'
2011-05-12 22:29:06,844 [main] DEBUG [org.springframework.beans.factory.annotation.AutowiredAnnotationBeanPostProcessor] - Autowiring by type from bean name 'companyService' to bean named 'companyDao'
2011-05-12 22:29:06,886 [main] DEBUG [org.springframework.beans.factory.support.DefaultListableBeanFactory] - Returning cached instance of singleton bean 'org.springframework.aop.support.DefaultBeanFactoryPointcutAdvisor#0'
2011-05-12 22:29:06,889 [main] DEBUG [org.springframework.beans.factory.support.DefaultListableBeanFactory] - Returning cached instance of singleton bean 'org.springframework.aop.support.DefaultBeanFactoryPointcutAdvisor#0'
2011-05-12 22:29:06,909 [main] DEBUG [org.springframework.beans.factory.support.DefaultListableBeanFactory] - Returning cached instance of singleton bean 'txAdvice'
2011-05-12 22:29:06,944 [main] DEBUG [org.springframework.aop.aspectj.autoproxy.AspectJAwareAdvisorAutoProxyCreator] - Creating implicit proxy for bean 'companyService' with 0 common interceptors and 2 specific interceptors
2011-05-12 22:29:06,950 [main] DEBUG [org.springframework.aop.framework.JdkDynamicAopProxy] - Creating JDK dynamic proxy: target source is SingletonTargetSource for target object [com.form.service.impl.CompanyServiceImpl@1be2893]
2011-05-12 22:29:06,967 [main] DEBUG [org.springframework.beans.factory.support.DefaultListableBeanFactory] - Finished creating instance of bean 'companyService'
2011-05-12 22:29:06,997 [main] DEBUG [org.springframework.beans.factory.support.DefaultListableBeanFactory] - Creating shared instance of singleton bean 'formDataService'
2011-05-12 22:29:06,999 [main] DEBUG [org.springframework.beans.factory.support.DefaultListableBeanFactory] - Creating instance of bean 'formDataService'
2011-05-12 22:29:07,002 [main] DEBUG [org.springframework.beans.factory.support.DefaultListableBeanFactory] - Returning cached instance of singleton bean 'org.springframework.aop.support.DefaultBeanFactoryPointcutAdvisor#0'
2011-05-12 22:29:07,006 [main] DEBUG [org.springframework.beans.factory.annotation.InjectionMetadata] - Found injected element on class [com.form.service.impl.FormDataServiceImpl]: AutowiredFieldElement for private com.form.dao.FormDataDao com.form.service.impl.FormDataServiceImpl.formDataDao
2011-05-12 22:29:07,010 [main] DEBUG [org.springframework.beans.factory.annotation.InjectionMetadata] - Found injected element on class [com.form.service.impl.FormDataServiceImpl]: AutowiredFieldElement for private com.form.dao.FormDataDao com.form.service.impl.FormDataServiceImpl.formDataDao
2011-05-12 22:29:07,066 [main] DEBUG [org.springframework.beans.factory.support.DefaultListableBeanFactory] - Eagerly caching bean 'formDataService' to allow for resolving potential circular references
2011-05-12 22:29:07,075 [main] DEBUG [org.springframework.beans.factory.annotation.InjectionMetadata] - Processing injected method of bean 'formDataService': AutowiredFieldElement for private com.form.dao.FormDataDao com.form.service.impl.FormDataServiceImpl.formDataDao
2011-05-12 22:29:07,079 [main] DEBUG [org.springframework.beans.factory.support.DefaultListableBeanFactory] - Returning cached instance of singleton bean 'formDataDao'
2011-05-12 22:29:07,081 [main] DEBUG [org.springframework.beans.factory.annotation.AutowiredAnnotationBeanPostProcessor] - Autowiring by type from bean name 'formDataService' to bean named 'formDataDao'
2011-05-12 22:29:07,125 [main] DEBUG [org.springframework.beans.factory.support.DefaultListableBeanFactory] - Returning cached instance of singleton bean 'org.springframework.aop.support.DefaultBeanFactoryPointcutAdvisor#0'
2011-05-12 22:29:07,128 [main] DEBUG [org.springframework.beans.factory.support.DefaultListableBeanFactory] - Returning cached instance of singleton bean 'org.springframework.aop.support.DefaultBeanFactoryPointcutAdvisor#0'
2011-05-12 22:29:07,133 [main] DEBUG [org.springframework.aop.aspectj.autoproxy.AspectJAwareAdvisorAutoProxyCreator] - Creating implicit proxy for bean 'formDataService' with 0 common interceptors and 2 specific interceptors
2011-05-12 22:29:07,136 [main] DEBUG [org.springframework.aop.framework.JdkDynamicAopProxy] - Creating JDK dynamic proxy: target source is SingletonTargetSource for target object [com.form.service.impl.FormDataServiceImpl@e3570c]
2011-05-12 22:29:07,150 [main] DEBUG [org.springframework.beans.factory.support.DefaultListableBeanFactory] - Finished creating instance of bean 'formDataService'
2011-05-12 22:29:07,185 [main] DEBUG [org.springframework.beans.factory.support.DefaultListableBeanFactory] - Creating shared instance of singleton bean 'templateService'
2011-05-12 22:29:07,187 [main] DEBUG [org.springframework.beans.factory.support.DefaultListableBeanFactory] - Creating instance of bean 'templateService'
2011-05-12 22:29:07,189 [main] DEBUG [org.springframework.beans.factory.support.DefaultListableBeanFactory] - Returning cached instance of singleton bean 'org.springframework.aop.support.DefaultBeanFactoryPointcutAdvisor#0'
2011-05-12 22:29:07,193 [main] DEBUG [org.springframework.beans.factory.annotation.InjectionMetadata] - Found injected element on class [com.form.service.impl.TemplateServiceImpl]: AutowiredFieldElement for private com.form.dao.TemplateDao com.form.service.impl.TemplateServiceImpl.templateDao
2011-05-12 22:29:07,196 [main] DEBUG [org.springframework.beans.factory.annotation.InjectionMetadata] - Found injected element on class [com.form.service.impl.TemplateServiceImpl]: AutowiredFieldElement for private com.form.dao.TemplateDao com.form.service.impl.TemplateServiceImpl.templateDao
2011-05-12 22:29:07,245 [main] DEBUG [org.springframework.beans.factory.support.DefaultListableBeanFactory] - Eagerly caching bean 'templateService' to allow for resolving potential circular references
2011-05-12 22:29:07,252 [main] DEBUG [org.springframework.beans.factory.annotation.InjectionMetadata] - Processing injected method of bean 'templateService': AutowiredFieldElement for private com.form.dao.TemplateDao com.form.service.impl.TemplateServiceImpl.templateDao
2011-05-12 22:29:07,255 [main] DEBUG [org.springframework.beans.factory.support.DefaultListableBeanFactory] - Returning cached instance of singleton bean 'templateDao'
2011-05-12 22:29:07,257 [main] DEBUG [org.springframework.beans.factory.annotation.AutowiredAnnotationBeanPostProcessor] - Autowiring by type from bean name 'templateService' to bean named 'templateDao'
2011-05-12 22:29:07,302 [main] DEBUG [org.springframework.beans.factory.support.DefaultListableBeanFactory] - Returning cached instance of singleton bean 'org.springframework.aop.support.DefaultBeanFactoryPointcutAdvisor#0'
2011-05-12 22:29:07,305 [main] DEBUG [org.springframework.beans.factory.support.DefaultListableBeanFactory] - Returning cached instance of singleton bean 'org.springframework.aop.support.DefaultBeanFactoryPointcutAdvisor#0'
2011-05-12 22:29:07,310 [main] DEBUG [org.springframework.aop.aspectj.autoproxy.AspectJAwareAdvisorAutoProxyCreator] - Creating implicit proxy for bean 'templateService' with 0 common interceptors and 2 specific interceptors
2011-05-12 22:29:07,312 [main] DEBUG [org.springframework.aop.framework.JdkDynamicAopProxy] - Creating JDK dynamic proxy: target source is SingletonTargetSource for target object [com.form.service.impl.TemplateServiceImpl@578073]
2011-05-12 22:29:07,325 [main] DEBUG [org.springframework.beans.factory.support.DefaultListableBeanFactory] - Finished creating instance of bean 'templateService'
2011-05-12 22:29:07,361 [main] DEBUG [org.springframework.beans.factory.support.DefaultListableBeanFactory] - Creating shared instance of singleton bean 'userService'
2011-05-12 22:29:07,362 [main] DEBUG [org.springframework.beans.factory.support.DefaultListableBeanFactory] - Creating instance of bean 'userService'
2011-05-12 22:29:07,364 [main] DEBUG [org.springframework.beans.factory.support.DefaultListableBeanFactory] - Returning cached instance of singleton bean 'org.springframework.aop.support.DefaultBeanFactoryPointcutAdvisor#0'
2011-05-12 22:29:07,370 [main] DEBUG [org.springframework.beans.factory.annotation.InjectionMetadata] - Found injected element on class [com.form.service.impl.UserServiceImpl]: AutowiredFieldElement for private com.form.dao.UserDao com.form.service.impl.UserServiceImpl.userDao
2011-05-12 22:29:07,375 [main] DEBUG [org.springframework.beans.factory.annotation.InjectionMetadata] - Found injected element on class [com.form.service.impl.UserServiceImpl]: AutowiredFieldElement for private com.form.dao.UserDao com.form.service.impl.UserServiceImpl.userDao
2011-05-12 22:29:07,378 [main] DEBUG [org.springframework.beans.factory.support.DefaultListableBeanFactory] - Eagerly caching bean 'userService' to allow for resolving potential circular references
2011-05-12 22:29:07,383 [main] DEBUG [org.springframework.beans.factory.annotation.InjectionMetadata] - Processing injected method of bean 'userService': AutowiredFieldElement for private com.form.dao.UserDao com.form.service.impl.UserServiceImpl.userDao
2011-05-12 22:29:07,431 [main] DEBUG [org.springframework.beans.factory.support.DefaultListableBeanFactory] - Returning cached instance of singleton bean 'userDao'
2011-05-12 22:29:07,433 [main] DEBUG [org.springframework.beans.factory.annotation.AutowiredAnnotationBeanPostProcessor] - Autowiring by type from bean name 'userService' to bean named 'userDao'
2011-05-12 22:29:07,436 [main] DEBUG [org.springframework.beans.factory.support.DefaultListableBeanFactory] - Returning cached instance of singleton bean 'org.springframework.aop.support.DefaultBeanFactoryPointcutAdvisor#0'
2011-05-12 22:29:07,439 [main] DEBUG [org.springframework.beans.factory.support.DefaultListableBeanFactory] - Returning cached instance of singleton bean 'org.springframework.aop.support.DefaultBeanFactoryPointcutAdvisor#0'
2011-05-12 22:29:07,444 [main] DEBUG [org.springframework.aop.aspectj.autoproxy.AspectJAwareAdvisorAutoProxyCreator] - Creating implicit proxy for bean 'userService' with 0 common interceptors and 2 specific interceptors
2011-05-12 22:29:07,446 [main] DEBUG [org.springframework.aop.framework.JdkDynamicAopProxy] - Creating JDK dynamic proxy: target source is SingletonTargetSource for target object [com.form.service.impl.UserServiceImpl@111ded2]
2011-05-12 22:29:07,463 [main] DEBUG [org.springframework.beans.factory.support.DefaultListableBeanFactory] - Finished creating instance of bean 'userService'
2011-05-12 22:29:07,496 [main] DEBUG [org.springframework.beans.factory.support.DefaultListableBeanFactory] - Returning cached instance of singleton bean 'org.springframework.context.annotation.internalConfigurationAnnotationProcessor'
2011-05-12 22:29:07,499 [main] DEBUG [org.springframework.beans.factory.support.DefaultListableBeanFactory] - Returning cached instance of singleton bean 'org.springframework.context.annotation.internalAutowiredAnnotationProcessor'
2011-05-12 22:29:07,502 [main] DEBUG [org.springframework.beans.factory.support.DefaultListableBeanFactory] - Returning cached instance of singleton bean 'org.springframework.context.annotation.internalRequiredAnnotationProcessor'
2011-05-12 22:29:07,505 [main] DEBUG [org.springframework.beans.factory.support.DefaultListableBeanFactory] - Returning cached instance of singleton bean 'org.springframework.context.annotation.internalCommonAnnotationProcessor'
2011-05-12 22:29:07,508 [main] DEBUG [org.springframework.beans.factory.support.DefaultListableBeanFactory] - Returning cached instance of singleton bean 'org.springframework.context.annotation.internalPersistenceAnnotationProcessor'
2011-05-12 22:29:07,515 [main] DEBUG [org.springframework.context.support.ClassPathXmlApplicationContext] - Unable to locate LifecycleProcessor with name 'lifecycleProcessor': using default [org.springframework.context.support.DefaultLifecycleProcessor@16eb6bc]
2011-05-12 22:29:07,518 [main] DEBUG [org.springframework.beans.factory.support.DefaultListableBeanFactory] - Returning cached instance of singleton bean 'lifecycleProcessor'
2011-05-12 22:29:07,522 [main] DEBUG [org.springframework.beans.factory.support.DefaultListableBeanFactory] - Returning cached instance of singleton bean 'userDao'
2011-05-12 22:29:08,412 [main] DEBUG [java.sql.Connection] - ooo Connection Opened
2011-05-12 22:29:08,674 [main] DEBUG [java.sql.PreparedStatement] - ==>  Executing: select ID,COMPANY_ID as companyId,FIRST_NAME as firstName,MIDDLE_INITIAL as middleInital,LAST_NAME as lastName,TITLE,STATUS,TYPE,FP_LOGIN_ID as userId,FP_PASSWORD as password,EMAIL from fp_company_user where COMPANY_ID=? 
2011-05-12 22:29:08,677 [main] DEBUG [java.sql.PreparedStatement] - ==> Parameters: 15(Long)
2011-05-12 22:29:08,731 [main] DEBUG [java.sql.ResultSet] - <==    Columns: ID, COMPANY_ID, FIRST_NAME, MIDDLE_INITIAL, LAST_NAME, TITLE, STATUS, TYPE, FP_LOGIN_ID, FP_PASSWORD, EMAIL
2011-05-12 22:29:08,733 [main] DEBUG [java.sql.ResultSet] - <==        Row: 4, 15, yuhui, null, liu, null, 0, 1, lyh007, 11111111, null
